{"D:\\Programing\\JavaScript\\auto-web\\src\\libs\\sleep.ts": {"path":"D:\\Programing\\JavaScript\\auto-web\\src\\libs\\sleep.ts","statementMap":{"0":{"start":{"line":2,"column":0},"end":{"line":2,"column":62}},"1":{"start":{"line":3,"column":0},"end":{"line":3,"column":23}},"2":{"start":{"line":4,"column":14},"end":{"line":4,"column":30}},"3":{"start":{"line":10,"column":4},"end":{"line":10,"column":53}},"4":{"start":{"line":11,"column":4},"end":{"line":11,"column":61}},"5":{"start":{"line":11,"column":36},"end":{"line":11,"column":59}},"6":{"start":{"line":13,"column":0},"end":{"line":13,"column":22}}},"fnMap":{"0":{"name":"sleep","decl":{"start":{"line":9,"column":9},"end":{"line":9,"column":14}},"loc":{"start":{"line":9,"column":26},"end":{"line":12,"column":1}},"line":9},"1":{"name":"(anonymous_1)","decl":{"start":{"line":11,"column":23},"end":{"line":11,"column":24}},"loc":{"start":{"line":11,"column":36},"end":{"line":11,"column":59}},"line":11}},"branchMap":{"0":{"loc":{"start":{"line":9,"column":15},"end":{"line":9,"column":24}},"type":"default-arg","locations":[{"start":{"line":9,"column":20},"end":{"line":9,"column":24}}],"line":9}},"s":{"0":2,"1":2,"2":2,"3":1,"4":1,"5":1,"6":2},"f":{"0":1,"1":1},"b":{"0":[0]},"inputSourceMap":null,"_coverageSchema":"1a1c01bbd47fc00a2c39e90264f33305004495a9","hash":"451b4f260df5d026bf3a728f635ecf2e2d855953"}
,"D:\\Programing\\JavaScript\\auto-web\\src\\selenium\\libs\\command.ts": {"path":"D:\\Programing\\JavaScript\\auto-web\\src\\selenium\\libs\\command.ts","statementMap":{"0":{"start":{"line":2,"column":0},"end":{"line":2,"column":62}},"1":{"start":{"line":3,"column":0},"end":{"line":3,"column":49}},"2":{"start":{"line":4,"column":24},"end":{"line":4,"column":48}},"3":{"start":{"line":10,"column":4},"end":{"line":10,"column":31}},"4":{"start":{"line":11,"column":4},"end":{"line":11,"column":20}},"5":{"start":{"line":13,"column":0},"end":{"line":13,"column":30}},"6":{"start":{"line":29,"column":4},"end":{"line":38,"column":5}},"7":{"start":{"line":30,"column":8},"end":{"line":37,"column":11}},"8":{"start":{"line":31,"column":12},"end":{"line":34,"column":13}},"9":{"start":{"line":32,"column":16},"end":{"line":32,"column":50}},"10":{"start":{"line":33,"column":16},"end":{"line":33,"column":23}},"11":{"start":{"line":35,"column":12},"end":{"line":35,"column":45}},"12":{"start":{"line":36,"column":12},"end":{"line":36,"column":45}},"13":{"start":{"line":40,"column":0},"end":{"line":40,"column":34}}},"fnMap":{"0":{"name":"echoError","decl":{"start":{"line":9,"column":9},"end":{"line":9,"column":18}},"loc":{"start":{"line":9,"column":26},"end":{"line":12,"column":1}},"line":9},"1":{"name":"execCommand","decl":{"start":{"line":28,"column":9},"end":{"line":28,"column":20}},"loc":{"start":{"line":28,"column":30},"end":{"line":39,"column":1}},"line":28},"2":{"name":"(anonymous_2)","decl":{"start":{"line":30,"column":38},"end":{"line":30,"column":39}},"loc":{"start":{"line":30,"column":65},"end":{"line":37,"column":9}},"line":30}},"branchMap":{"0":{"loc":{"start":{"line":29,"column":4},"end":{"line":38,"column":5}},"type":"if","locations":[{"start":{"line":29,"column":4},"end":{"line":38,"column":5}},{"start":{"line":29,"column":4},"end":{"line":38,"column":5}}],"line":29},"1":{"loc":{"start":{"line":31,"column":12},"end":{"line":34,"column":13}},"type":"if","locations":[{"start":{"line":31,"column":12},"end":{"line":34,"column":13}},{"start":{"line":31,"column":12},"end":{"line":34,"column":13}}],"line":31}},"s":{"0":1,"1":1,"2":1,"3":0,"4":0,"5":1,"6":0,"7":0,"8":0,"9":0,"10":0,"11":0,"12":0,"13":1},"f":{"0":0,"1":0,"2":0},"b":{"0":[0,0],"1":[0,0]},"inputSourceMap":null,"_coverageSchema":"1a1c01bbd47fc00a2c39e90264f33305004495a9","hash":"98b7f788e01f19e55b028f9acd5fe2b75ffb0f38"}
,"D:\\Programing\\JavaScript\\auto-web\\src\\selenium\\libs\\file-io.ts": {"path":"D:\\Programing\\JavaScript\\auto-web\\src\\selenium\\libs\\file-io.ts","statementMap":{"0":{"start":{"line":2,"column":0},"end":{"line":2,"column":62}},"1":{"start":{"line":3,"column":0},"end":{"line":3,"column":27}},"2":{"start":{"line":4,"column":11},"end":{"line":4,"column":24}},"3":{"start":{"line":11,"column":4},"end":{"line":18,"column":7}},"4":{"start":{"line":13,"column":8},"end":{"line":16,"column":9}},"5":{"start":{"line":14,"column":12},"end":{"line":14,"column":51}},"6":{"start":{"line":15,"column":12},"end":{"line":15,"column":22}},"7":{"start":{"line":17,"column":8},"end":{"line":17,"column":35}},"8":{"start":{"line":20,"column":0},"end":{"line":20,"column":30}}},"fnMap":{"0":{"name":"writeFile","decl":{"start":{"line":10,"column":9},"end":{"line":10,"column":18}},"loc":{"start":{"line":10,"column":35},"end":{"line":19,"column":1}},"line":10},"1":{"name":"(anonymous_1)","decl":{"start":{"line":11,"column":38},"end":{"line":11,"column":39}},"loc":{"start":{"line":11,"column":47},"end":{"line":18,"column":5}},"line":11}},"branchMap":{"0":{"loc":{"start":{"line":13,"column":8},"end":{"line":16,"column":9}},"type":"if","locations":[{"start":{"line":13,"column":8},"end":{"line":16,"column":9}},{"start":{"line":13,"column":8},"end":{"line":16,"column":9}}],"line":13}},"s":{"0":1,"1":1,"2":1,"3":0,"4":0,"5":0,"6":0,"7":0,"8":1},"f":{"0":0,"1":0},"b":{"0":[0,0]},"inputSourceMap":null,"_coverageSchema":"1a1c01bbd47fc00a2c39e90264f33305004495a9","hash":"de190743051630b98c7d23f80a12b204a45fff10"}
,"D:\\Programing\\JavaScript\\auto-web\\src\\selenium\\libs\\index.ts": {"path":"D:\\Programing\\JavaScript\\auto-web\\src\\selenium\\libs\\index.ts","statementMap":{"0":{"start":{"line":2,"column":22},"end":{"line":8,"column":3}},"1":{"start":{"line":3,"column":4},"end":{"line":3,"column":33}},"2":{"start":{"line":3,"column":26},"end":{"line":3,"column":33}},"3":{"start":{"line":4,"column":4},"end":{"line":4,"column":89}},"4":{"start":{"line":4,"column":71},"end":{"line":4,"column":83}},"5":{"start":{"line":6,"column":4},"end":{"line":6,"column":33}},"6":{"start":{"line":6,"column":26},"end":{"line":6,"column":33}},"7":{"start":{"line":7,"column":4},"end":{"line":7,"column":17}},"8":{"start":{"line":9,"column":19},"end":{"line":11,"column":1}},"9":{"start":{"line":10,"column":4},"end":{"line":10,"column":126}},"10":{"start":{"line":10,"column":21},"end":{"line":10,"column":126}},"11":{"start":{"line":10,"column":95},"end":{"line":10,"column":126}},"12":{"start":{"line":12,"column":0},"end":{"line":12,"column":62}},"13":{"start":{"line":13,"column":0},"end":{"line":13,"column":44}},"14":{"start":{"line":14,"column":0},"end":{"line":14,"column":44}},"15":{"start":{"line":15,"column":0},"end":{"line":15,"column":45}},"16":{"start":{"line":16,"column":0},"end":{"line":16,"column":41}},"17":{"start":{"line":17,"column":0},"end":{"line":17,"column":41}}},"fnMap":{"0":{"name":"(anonymous_0)","decl":{"start":{"line":2,"column":74},"end":{"line":2,"column":75}},"loc":{"start":{"line":2,"column":96},"end":{"line":5,"column":1}},"line":2},"1":{"name":"(anonymous_1)","decl":{"start":{"line":4,"column":58},"end":{"line":4,"column":59}},"loc":{"start":{"line":4,"column":69},"end":{"line":4,"column":85}},"line":4},"2":{"name":"(anonymous_2)","decl":{"start":{"line":5,"column":6},"end":{"line":5,"column":7}},"loc":{"start":{"line":5,"column":28},"end":{"line":8,"column":1}},"line":5},"3":{"name":"(anonymous_3)","decl":{"start":{"line":9,"column":50},"end":{"line":9,"column":51}},"loc":{"start":{"line":9,"column":71},"end":{"line":11,"column":1}},"line":9}},"branchMap":{"0":{"loc":{"start":{"line":2,"column":22},"end":{"line":8,"column":3}},"type":"binary-expr","locations":[{"start":{"line":2,"column":23},"end":{"line":2,"column":27}},{"start":{"line":2,"column":31},"end":{"line":2,"column":51}},{"start":{"line":2,"column":57},"end":{"line":8,"column":2}}],"line":2},"1":{"loc":{"start":{"line":2,"column":57},"end":{"line":8,"column":2}},"type":"cond-expr","locations":[{"start":{"line":2,"column":74},"end":{"line":5,"column":1}},{"start":{"line":5,"column":6},"end":{"line":8,"column":1}}],"line":2},"2":{"loc":{"start":{"line":3,"column":4},"end":{"line":3,"column":33}},"type":"if","locations":[{"start":{"line":3,"column":4},"end":{"line":3,"column":33}},{"start":{"line":3,"column":4},"end":{"line":3,"column":33}}],"line":3},"3":{"loc":{"start":{"line":6,"column":4},"end":{"line":6,"column":33}},"type":"if","locations":[{"start":{"line":6,"column":4},"end":{"line":6,"column":33}},{"start":{"line":6,"column":4},"end":{"line":6,"column":33}}],"line":6},"4":{"loc":{"start":{"line":9,"column":19},"end":{"line":11,"column":1}},"type":"binary-expr","locations":[{"start":{"line":9,"column":20},"end":{"line":9,"column":24}},{"start":{"line":9,"column":28},"end":{"line":9,"column":45}},{"start":{"line":9,"column":50},"end":{"line":11,"column":1}}],"line":9},"5":{"loc":{"start":{"line":10,"column":21},"end":{"line":10,"column":126}},"type":"if","locations":[{"start":{"line":10,"column":21},"end":{"line":10,"column":126}},{"start":{"line":10,"column":21},"end":{"line":10,"column":126}}],"line":10},"6":{"loc":{"start":{"line":10,"column":25},"end":{"line":10,"column":93}},"type":"binary-expr","locations":[{"start":{"line":10,"column":25},"end":{"line":10,"column":40}},{"start":{"line":10,"column":44},"end":{"line":10,"column":93}}],"line":10}},"s":{"0":1,"1":8,"2":8,"3":8,"4":5,"5":0,"6":0,"7":0,"8":1,"9":5,"10":8,"11":8,"12":1,"13":1,"14":1,"15":1,"16":1,"17":1},"f":{"0":8,"1":5,"2":0,"3":5},"b":{"0":[1,1,1],"1":[1,0],"2":[8,0],"3":[0,0],"4":[1,1,1],"5":[8,0],"6":[8,8]},"inputSourceMap":null,"_coverageSchema":"1a1c01bbd47fc00a2c39e90264f33305004495a9","hash":"75406ac783f0adcc3a59874e2732d9efcffad14f"}
,"D:\\Programing\\JavaScript\\auto-web\\src\\selenium\\libs\\settings.ts": {"path":"D:\\Programing\\JavaScript\\auto-web\\src\\selenium\\libs\\settings.ts","statementMap":{"0":{"start":{"line":2,"column":0},"end":{"line":2,"column":62}},"1":{"start":{"line":3,"column":0},"end":{"line":3,"column":23}},"2":{"start":{"line":4,"column":0},"end":{"line":4,"column":24}},"3":{"start":{"line":5,"column":15},"end":{"line":5,"column":51}},"4":{"start":{"line":6,"column":18},"end":{"line":6,"column":47}},"5":{"start":{"line":8,"column":16},"end":{"line":8,"column":51}},"6":{"start":{"line":9,"column":0},"end":{"line":9,"column":34}},"7":{"start":{"line":34,"column":25},"end":{"line":34,"column":56}},"8":{"start":{"line":35,"column":4},"end":{"line":35,"column":47}},"9":{"start":{"line":36,"column":4},"end":{"line":36,"column":74}},"10":{"start":{"line":38,"column":0},"end":{"line":38,"column":22}}},"fnMap":{"0":{"name":"build","decl":{"start":{"line":32,"column":9},"end":{"line":32,"column":14}},"loc":{"start":{"line":32,"column":29},"end":{"line":37,"column":1}},"line":32}},"branchMap":{"0":{"loc":{"start":{"line":32,"column":15},"end":{"line":32,"column":27}},"type":"default-arg","locations":[{"start":{"line":32,"column":25},"end":{"line":32,"column":27}}],"line":32}},"s":{"0":1,"1":1,"2":1,"3":1,"4":1,"5":1,"6":1,"7":1,"8":1,"9":1,"10":1},"f":{"0":1},"b":{"0":[0]},"inputSourceMap":null,"_coverageSchema":"1a1c01bbd47fc00a2c39e90264f33305004495a9","hash":"c8d83ffa7eb7f81170b50bb861f385e18f31c9f4"}
,"D:\\Programing\\JavaScript\\auto-web\\src\\selenium\\libs\\tabs.ts": {"path":"D:\\Programing\\JavaScript\\auto-web\\src\\selenium\\libs\\tabs.ts","statementMap":{"0":{"start":{"line":2,"column":16},"end":{"line":10,"column":1}},"1":{"start":{"line":3,"column":28},"end":{"line":3,"column":110}},"2":{"start":{"line":3,"column":91},"end":{"line":3,"column":106}},"3":{"start":{"line":4,"column":4},"end":{"line":9,"column":7}},"4":{"start":{"line":5,"column":36},"end":{"line":5,"column":97}},"5":{"start":{"line":5,"column":42},"end":{"line":5,"column":70}},"6":{"start":{"line":5,"column":85},"end":{"line":5,"column":95}},"7":{"start":{"line":6,"column":35},"end":{"line":6,"column":100}},"8":{"start":{"line":6,"column":41},"end":{"line":6,"column":73}},"9":{"start":{"line":6,"column":88},"end":{"line":6,"column":98}},"10":{"start":{"line":7,"column":32},"end":{"line":7,"column":116}},"11":{"start":{"line":8,"column":8},"end":{"line":8,"column":78}},"12":{"start":{"line":11,"column":0},"end":{"line":11,"column":62}},"13":{"start":{"line":12,"column":0},"end":{"line":12,"column":71}},"14":{"start":{"line":13,"column":16},"end":{"line":13,"column":43}},"15":{"start":{"line":14,"column":16},"end":{"line":14,"column":34}},"16":{"start":{"line":21,"column":4},"end":{"line":23,"column":7}},"17":{"start":{"line":22,"column":8},"end":{"line":22,"column":79}},"18":{"start":{"line":25,"column":0},"end":{"line":25,"column":36}},"19":{"start":{"line":32,"column":4},"end":{"line":35,"column":7}},"20":{"start":{"line":33,"column":21},"end":{"line":33,"column":55}},"21":{"start":{"line":34,"column":8},"end":{"line":34,"column":56}},"22":{"start":{"line":37,"column":0},"end":{"line":37,"column":36}},"23":{"start":{"line":63,"column":4},"end":{"line":84,"column":7}},"24":{"start":{"line":63,"column":17},"end":{"line":84,"column":6}},"25":{"start":{"line":64,"column":8},"end":{"line":83,"column":9}},"26":{"start":{"line":66,"column":12},"end":{"line":66,"column":52}},"27":{"start":{"line":68,"column":12},"end":{"line":68,"column":43}},"28":{"start":{"line":69,"column":24},"end":{"line":69,"column":25}},"29":{"start":{"line":70,"column":12},"end":{"line":75,"column":13}},"30":{"start":{"line":71,"column":16},"end":{"line":71,"column":48}},"31":{"start":{"line":72,"column":16},"end":{"line":72,"column":50}},"32":{"start":{"line":73,"column":16},"end":{"line":73,"column":44}},"33":{"start":{"line":74,"column":16},"end":{"line":74,"column":24}},"34":{"start":{"line":79,"column":12},"end":{"line":79,"column":24}},"35":{"start":{"line":82,"column":12},"end":{"line":82,"column":32}},"36":{"start":{"line":86,"column":0},"end":{"line":86,"column":26}}},"fnMap":{"0":{"name":"(anonymous_0)","decl":{"start":{"line":2,"column":44},"end":{"line":2,"column":45}},"loc":{"start":{"line":2,"column":89},"end":{"line":10,"column":1}},"line":2},"1":{"name":"adopt","decl":{"start":{"line":3,"column":13},"end":{"line":3,"column":18}},"loc":{"start":{"line":3,"column":26},"end":{"line":3,"column":112}},"line":3},"2":{"name":"(anonymous_2)","decl":{"start":{"line":3,"column":70},"end":{"line":3,"column":71}},"loc":{"start":{"line":3,"column":89},"end":{"line":3,"column":108}},"line":3},"3":{"name":"(anonymous_3)","decl":{"start":{"line":4,"column":36},"end":{"line":4,"column":37}},"loc":{"start":{"line":4,"column":63},"end":{"line":9,"column":5}},"line":4},"4":{"name":"fulfilled","decl":{"start":{"line":5,"column":17},"end":{"line":5,"column":26}},"loc":{"start":{"line":5,"column":34},"end":{"line":5,"column":99}},"line":5},"5":{"name":"rejected","decl":{"start":{"line":6,"column":17},"end":{"line":6,"column":25}},"loc":{"start":{"line":6,"column":33},"end":{"line":6,"column":102}},"line":6},"6":{"name":"step","decl":{"start":{"line":7,"column":17},"end":{"line":7,"column":21}},"loc":{"start":{"line":7,"column":30},"end":{"line":7,"column":118}},"line":7},"7":{"name":"createNewTab","decl":{"start":{"line":20,"column":9},"end":{"line":20,"column":21}},"loc":{"start":{"line":20,"column":35},"end":{"line":24,"column":1}},"line":20},"8":{"name":"(anonymous_8)","decl":{"start":{"line":21,"column":43},"end":{"line":21,"column":44}},"loc":{"start":{"line":21,"column":56},"end":{"line":23,"column":5}},"line":21},"9":{"name":"switchNewTab","decl":{"start":{"line":31,"column":9},"end":{"line":31,"column":21}},"loc":{"start":{"line":31,"column":37},"end":{"line":36,"column":1}},"line":31},"10":{"name":"(anonymous_10)","decl":{"start":{"line":32,"column":43},"end":{"line":32,"column":44}},"loc":{"start":{"line":32,"column":56},"end":{"line":35,"column":5}},"line":32},"11":{"name":"loopTab","decl":{"start":{"line":61,"column":9},"end":{"line":61,"column":16}},"loc":{"start":{"line":61,"column":70},"end":{"line":85,"column":1}},"line":61},"12":{"name":"(anonymous_12)","decl":{"start":{"line":63,"column":11},"end":{"line":63,"column":12}},"loc":{"start":{"line":63,"column":17},"end":{"line":84,"column":6}},"line":63},"13":{"name":"(anonymous_13)","decl":{"start":{"line":63,"column":49},"end":{"line":63,"column":50}},"loc":{"start":{"line":63,"column":62},"end":{"line":84,"column":5}},"line":63}},"branchMap":{"0":{"loc":{"start":{"line":2,"column":16},"end":{"line":10,"column":1}},"type":"binary-expr","locations":[{"start":{"line":2,"column":17},"end":{"line":2,"column":21}},{"start":{"line":2,"column":25},"end":{"line":2,"column":39}},{"start":{"line":2,"column":44},"end":{"line":10,"column":1}}],"line":2},"1":{"loc":{"start":{"line":3,"column":35},"end":{"line":3,"column":109}},"type":"cond-expr","locations":[{"start":{"line":3,"column":56},"end":{"line":3,"column":61}},{"start":{"line":3,"column":64},"end":{"line":3,"column":109}}],"line":3},"2":{"loc":{"start":{"line":4,"column":16},"end":{"line":4,"column":34}},"type":"binary-expr","locations":[{"start":{"line":4,"column":16},"end":{"line":4,"column":17}},{"start":{"line":4,"column":22},"end":{"line":4,"column":33}}],"line":4},"3":{"loc":{"start":{"line":7,"column":32},"end":{"line":7,"column":115}},"type":"cond-expr","locations":[{"start":{"line":7,"column":46},"end":{"line":7,"column":67}},{"start":{"line":7,"column":70},"end":{"line":7,"column":115}}],"line":7},"4":{"loc":{"start":{"line":8,"column":51},"end":{"line":8,"column":67}},"type":"binary-expr","locations":[{"start":{"line":8,"column":51},"end":{"line":8,"column":61}},{"start":{"line":8,"column":65},"end":{"line":8,"column":67}}],"line":8},"5":{"loc":{"start":{"line":61,"column":17},"end":{"line":61,"column":49}},"type":"default-arg","locations":[{"start":{"line":61,"column":29},"end":{"line":61,"column":49}}],"line":61}},"s":{"0":1,"1":3,"2":0,"3":2,"4":3,"5":3,"6":0,"7":0,"8":0,"9":0,"10":5,"11":2,"12":1,"13":1,"14":1,"15":1,"16":1,"17":1,"18":1,"19":1,"20":1,"21":1,"22":1,"23":0,"24":0,"25":0,"26":0,"27":0,"28":0,"29":0,"30":0,"31":0,"32":0,"33":0,"34":0,"35":0,"36":1},"f":{"0":2,"1":3,"2":0,"3":2,"4":3,"5":0,"6":5,"7":1,"8":1,"9":1,"10":1,"11":0,"12":0,"13":0},"b":{"0":[1,1,1],"1":[3,0],"2":[2,2],"3":[2,3],"4":[2,2],"5":[0]},"inputSourceMap":null,"_coverageSchema":"1a1c01bbd47fc00a2c39e90264f33305004495a9","hash":"dd735bda164433e929a8a68e4c41ff46a9dbcee1"}
,"D:\\Programing\\JavaScript\\auto-web\\src\\selenium\\libs\\urls.ts": {"path":"D:\\Programing\\JavaScript\\auto-web\\src\\selenium\\libs\\urls.ts","statementMap":{"0":{"start":{"line":2,"column":0},"end":{"line":2,"column":62}},"1":{"start":{"line":3,"column":0},"end":{"line":3,"column":30}},"2":{"start":{"line":4,"column":0},"end":{"line":11,"column":2}}},"fnMap":{},"branchMap":{},"s":{"0":1,"1":1,"2":1},"f":{},"b":{},"inputSourceMap":null,"_coverageSchema":"1a1c01bbd47fc00a2c39e90264f33305004495a9","hash":"ece0572e8ff9ac3c61bfe08145f6e757b3af2cef"}
}
