TN:
SF:src\libs\sleep.ts
FN:9,sleep
FN:11,(anonymous_1)
FNF:2
FNH:2
FNDA:1,sleep
FNDA:1,(anonymous_1)
DA:2,2
DA:3,2
DA:4,2
DA:10,1
DA:11,1
DA:13,2
LF:6
LH:6
BRDA:9,0,0,0
BRF:1
BRH:0
end_of_record
TN:
SF:src\selenium\libs\command.ts
FN:9,echoError
FN:28,execCommand
FN:30,(anonymous_2)
FNF:3
FNH:0
FNDA:0,echoError
FNDA:0,execCommand
FNDA:0,(anonymous_2)
DA:2,1
DA:3,1
DA:4,1
DA:10,0
DA:11,0
DA:13,1
DA:29,0
DA:30,0
DA:31,0
DA:32,0
DA:33,0
DA:35,0
DA:36,0
DA:40,1
LF:14
LH:5
BRDA:29,0,0,0
BRDA:29,0,1,0
BRDA:31,1,0,0
BRDA:31,1,1,0
BRF:4
BRH:0
end_of_record
TN:
SF:src\selenium\libs\file-io.ts
FN:10,writeFile
FN:11,(anonymous_1)
FNF:2
FNH:0
FNDA:0,writeFile
FNDA:0,(anonymous_1)
DA:2,1
DA:3,1
DA:4,1
DA:11,0
DA:13,0
DA:14,0
DA:15,0
DA:17,0
DA:20,1
LF:9
LH:4
BRDA:13,0,0,0
BRDA:13,0,1,0
BRF:2
BRH:0
end_of_record
TN:
SF:src\selenium\libs\index.ts
FN:2,(anonymous_0)
FN:4,(anonymous_1)
FN:5,(anonymous_2)
FN:9,(anonymous_3)
FNF:4
FNH:3
FNDA:8,(anonymous_0)
FNDA:5,(anonymous_1)
FNDA:0,(anonymous_2)
FNDA:5,(anonymous_3)
DA:2,1
DA:3,8
DA:4,8
DA:6,0
DA:7,0
DA:9,1
DA:10,8
DA:12,1
DA:13,1
DA:14,1
DA:15,1
DA:16,1
DA:17,1
LF:13
LH:11
BRDA:2,0,0,1
BRDA:2,0,1,1
BRDA:2,0,2,1
BRDA:2,1,0,1
BRDA:2,1,1,0
BRDA:3,2,0,8
BRDA:3,2,1,0
BRDA:6,3,0,0
BRDA:6,3,1,0
BRDA:9,4,0,1
BRDA:9,4,1,1
BRDA:9,4,2,1
BRDA:10,5,0,8
BRDA:10,5,1,0
BRDA:10,6,0,8
BRDA:10,6,1,8
BRF:16
BRH:11
end_of_record
TN:
SF:src\selenium\libs\settings.ts
FN:32,build
FNF:1
FNH:1
FNDA:1,build
DA:2,1
DA:3,1
DA:4,1
DA:5,1
DA:6,1
DA:8,1
DA:9,1
DA:34,1
DA:35,1
DA:36,1
DA:38,1
LF:11
LH:11
BRDA:32,0,0,0
BRF:1
BRH:0
end_of_record
TN:
SF:src\selenium\libs\tabs.ts
FN:2,(anonymous_0)
FN:3,adopt
FN:3,(anonymous_2)
FN:4,(anonymous_3)
FN:5,fulfilled
FN:6,rejected
FN:7,step
FN:20,createNewTab
FN:21,(anonymous_8)
FN:31,switchNewTab
FN:32,(anonymous_10)
FN:61,loopTab
FN:63,(anonymous_12)
FN:63,(anonymous_13)
FNF:14
FNH:9
FNDA:2,(anonymous_0)
FNDA:3,adopt
FNDA:0,(anonymous_2)
FNDA:2,(anonymous_3)
FNDA:3,fulfilled
FNDA:0,rejected
FNDA:5,step
FNDA:1,createNewTab
FNDA:1,(anonymous_8)
FNDA:1,switchNewTab
FNDA:1,(anonymous_10)
FNDA:0,loopTab
FNDA:0,(anonymous_12)
FNDA:0,(anonymous_13)
DA:2,1
DA:3,3
DA:4,2
DA:5,3
DA:6,0
DA:7,5
DA:8,2
DA:11,1
DA:12,1
DA:13,1
DA:14,1
DA:21,1
DA:22,1
DA:25,1
DA:32,1
DA:33,1
DA:34,1
DA:37,1
DA:63,0
DA:64,0
DA:66,0
DA:68,0
DA:69,0
DA:70,0
DA:71,0
DA:72,0
DA:73,0
DA:74,0
DA:79,0
DA:82,0
DA:86,1
LF:31
LH:18
BRDA:2,0,0,1
BRDA:2,0,1,1
BRDA:2,0,2,1
BRDA:3,1,0,3
BRDA:3,1,1,0
BRDA:4,2,0,2
BRDA:4,2,1,2
BRDA:7,3,0,2
BRDA:7,3,1,3
BRDA:8,4,0,2
BRDA:8,4,1,2
BRDA:61,5,0,0
BRF:12
BRH:10
end_of_record
TN:
SF:src\selenium\libs\urls.ts
FNF:0
FNH:0
DA:2,1
DA:3,1
DA:4,1
LF:3
LH:3
BRF:0
BRH:0
end_of_record
